<?xml version="1.0" encoding="UTF-8"?>
<!-- Generated by org.testng.reporters.JUnitXMLReporter -->
<testsuite ignored="2" hostname="izitilla" failures="0" tests="1" name="Default test" time="11.863" errors="0" timestamp="2024-05-16T13:36:13 AEST">
  <testcase classname="Tests.HomePageTest" name="homePageImagesInArrivalsShouldNavigate" time="11.747"/>
  <testcase classname="Tests.HomePageTest" name="homePageWithThreeArrivalsOnly" time="0.0">
    <ignored/>
  </testcase> <!-- homePageWithThreeArrivalsOnly -->
  <testcase classname="Tests.HomePageTest" name="homePageWithThreeSlidersOnly" time="0.0">
    <ignored/>
  </testcase> <!-- homePageWithThreeSlidersOnly -->
</testsuite> <!-- Default test -->
