<?xml version="1.0" encoding="UTF-8"?>
<testng-results ignored="0" total="1" passed="1" failed="0" skipped="0">
  <reporter-output>
  </reporter-output>
  <suite started-at="2024-05-16T13:36:01 AEST" name="Default suite" finished-at="2024-05-16T13:36:13 AEST" duration-ms="11863">
    <groups>
    </groups>
    <test started-at="2024-05-16T13:36:01 AEST" name="Default test" finished-at="2024-05-16T13:36:13 AEST" duration-ms="11863">
      <class name="Tests.HomePageTest">
        <test-method signature="homePageImagesInArrivalsShouldNavigate()[pri:0, instance:Tests.HomePageTest@18151a14]" started-at="2024-05-16T13:36:01 AEST" name="homePageImagesInArrivalsShouldNavigate" finished-at="2024-05-16T13:36:13 AEST" duration-ms="11747" status="PASS">
          <reporter-output>
          </reporter-output>
        </test-method> <!-- homePageImagesInArrivalsShouldNavigate -->
      </class> <!-- Tests.HomePageTest -->
    </test> <!-- Default test -->
  </suite> <!-- Default suite -->
</testng-results>
